{"D:\\Projetos\\nodejs\\clean-node-api\\src\\presentation\\controllers\\signup\\index.ts": {"path":"D:\\Projetos\\nodejs\\clean-node-api\\src\\presentation\\controllers\\signup\\index.ts","statementMap":{"0":{"start":{"line":2,"column":0},"end":{"line":2,"column":80}},"1":{"start":{"line":3,"column":0},"end":{"line":3,"column":62}},"2":{"start":{"line":10,"column":4},"end":{"line":10,"column":null}},"3":{"start":{"line":11,"column":4},"end":{"line":11,"column":null}},"4":{"start":{"line":15,"column":4},"end":{"line":43,"column":null}},"5":{"start":{"line":16,"column":21},"end":{"line":16,"column":111}},"6":{"start":{"line":17,"column":6},"end":{"line":19,"column":null}},"7":{"start":{"line":18,"column":8},"end":{"line":18,"column":null}},"8":{"start":{"line":21,"column":62},"end":{"line":21,"column":74}},"9":{"start":{"line":23,"column":6},"end":{"line":25,"column":null}},"10":{"start":{"line":24,"column":8},"end":{"line":24,"column":null}},"11":{"start":{"line":27,"column":6},"end":{"line":29,"column":null}},"12":{"start":{"line":28,"column":8},"end":{"line":28,"column":null}},"13":{"start":{"line":31,"column":25},"end":{"line":35,"column":8}},"14":{"start":{"line":37,"column":6},"end":{"line":37,"column":null}},"15":{"start":{"line":39,"column":6},"end":{"line":42,"column":null}},"16":{"start":{"line":5,"column":0},"end":{"line":5,"column":13}}},"fnMap":{"0":{"name":"(anonymous_0)","decl":{"start":{"line":9,"column":2},"end":{"line":9,"column":15}},"loc":{"start":{"line":9,"column":67},"end":{"line":12,"column":3}}},"1":{"name":"(anonymous_1)","decl":{"start":{"line":14,"column":2},"end":{"line":14,"column":7}},"loc":{"start":{"line":14,"column":36},"end":{"line":44,"column":3}}}},"branchMap":{"0":{"loc":{"start":{"line":17,"column":6},"end":{"line":19,"column":null}},"type":"if","locations":[{"start":{"line":17,"column":6},"end":{"line":19,"column":null}},{"start":{"line":17,"column":6},"end":{"line":19,"column":null}}]},"1":{"loc":{"start":{"line":23,"column":6},"end":{"line":25,"column":null}},"type":"if","locations":[{"start":{"line":23,"column":6},"end":{"line":25,"column":null}},{"start":{"line":23,"column":6},"end":{"line":25,"column":null}}]},"2":{"loc":{"start":{"line":27,"column":6},"end":{"line":29,"column":null}},"type":"if","locations":[{"start":{"line":27,"column":6},"end":{"line":29,"column":null}},{"start":{"line":27,"column":6},"end":{"line":29,"column":null}}]}},"s":{"0":2,"1":2,"2":18,"3":18,"4":18,"5":18,"6":16,"7":10,"8":6,"9":6,"10":2,"11":4,"12":2,"13":2,"14":2,"15":2,"16":2},"f":{"0":18,"1":18},"b":{"0":[10,6],"1":[2,4],"2":[2,2]}}
,"D:\\Projetos\\nodejs\\clean-node-api\\src\\presentation\\errors\\businessError.ts": {"path":"D:\\Projetos\\nodejs\\clean-node-api\\src\\presentation\\errors\\businessError.ts","statementMap":{"0":{"start":{"line":3,"column":4},"end":{"line":3,"column":null}},"1":{"start":{"line":4,"column":4},"end":{"line":4,"column":null}},"2":{"start":{"line":1,"column":0},"end":{"line":1,"column":13}}},"fnMap":{"0":{"name":"(anonymous_0)","decl":{"start":{"line":2,"column":2},"end":{"line":2,"column":15}},"loc":{"start":{"line":2,"column":28},"end":{"line":5,"column":3}}}},"branchMap":{},"s":{"0":4,"1":4,"2":2},"f":{"0":4},"b":{}}
,"D:\\Projetos\\nodejs\\clean-node-api\\src\\presentation\\errors\\index.ts": {"path":"D:\\Projetos\\nodejs\\clean-node-api\\src\\presentation\\errors\\index.ts","statementMap":{"0":{"start":{"line":1,"column":0},"end":{"line":1,"column":31}},"1":{"start":{"line":2,"column":0},"end":{"line":2,"column":35}},"2":{"start":{"line":3,"column":0},"end":{"line":3,"column":33}}},"fnMap":{},"branchMap":{},"s":{"0":2,"1":2,"2":2},"f":{},"b":{}}
,"D:\\Projetos\\nodejs\\clean-node-api\\src\\presentation\\errors\\missingParamError.ts": {"path":"D:\\Projetos\\nodejs\\clean-node-api\\src\\presentation\\errors\\missingParamError.ts","statementMap":{"0":{"start":{"line":3,"column":4},"end":{"line":3,"column":null}},"1":{"start":{"line":4,"column":4},"end":{"line":4,"column":null}},"2":{"start":{"line":1,"column":0},"end":{"line":1,"column":13}}},"fnMap":{"0":{"name":"(anonymous_0)","decl":{"start":{"line":2,"column":2},"end":{"line":2,"column":15}},"loc":{"start":{"line":2,"column":32},"end":{"line":5,"column":3}}}},"branchMap":{},"s":{"0":20,"1":20,"2":2},"f":{"0":20},"b":{}}
,"D:\\Projetos\\nodejs\\clean-node-api\\src\\presentation\\errors\\validationError.ts": {"path":"D:\\Projetos\\nodejs\\clean-node-api\\src\\presentation\\errors\\validationError.ts","statementMap":{"0":{"start":{"line":3,"column":4},"end":{"line":3,"column":null}},"1":{"start":{"line":4,"column":4},"end":{"line":4,"column":null}},"2":{"start":{"line":1,"column":0},"end":{"line":1,"column":13}}},"fnMap":{"0":{"name":"(anonymous_0)","decl":{"start":{"line":2,"column":2},"end":{"line":2,"column":15}},"loc":{"start":{"line":2,"column":28},"end":{"line":5,"column":3}}}},"branchMap":{},"s":{"0":4,"1":4,"2":2},"f":{"0":4},"b":{}}
,"D:\\Projetos\\nodejs\\clean-node-api\\src\\presentation\\helpers\\httpHelper.ts": {"path":"D:\\Projetos\\nodejs\\clean-node-api\\src\\presentation\\helpers\\httpHelper.ts","statementMap":{"0":{"start":{"line":3,"column":26},"end":{"line":6,"column":2}},"1":{"start":{"line":3,"column":59},"end":{"line":6,"column":2}},"2":{"start":{"line":3,"column":13},"end":{"line":3,"column":26}},"3":{"start":{"line":8,"column":23},"end":{"line":11,"column":2}},"4":{"start":{"line":8,"column":53},"end":{"line":11,"column":2}},"5":{"start":{"line":8,"column":13},"end":{"line":8,"column":23}}},"fnMap":{"0":{"name":"(anonymous_0)","decl":{"start":{"line":3,"column":26},"end":{"line":3,"column":27}},"loc":{"start":{"line":3,"column":59},"end":{"line":6,"column":2}}},"1":{"name":"(anonymous_1)","decl":{"start":{"line":8,"column":23},"end":{"line":8,"column":24}},"loc":{"start":{"line":8,"column":53},"end":{"line":11,"column":2}}}},"branchMap":{},"s":{"0":2,"1":14,"2":2,"3":2,"4":2,"5":2},"f":{"0":14,"1":2},"b":{}}
,"D:\\Projetos\\nodejs\\clean-node-api\\src\\presentation\\helpers\\myValidator.ts": {"path":"D:\\Projetos\\nodejs\\clean-node-api\\src\\presentation\\helpers\\myValidator.ts","statementMap":{"0":{"start":{"line":5,"column":23},"end":{"line":5,"column":173}},"1":{"start":{"line":6,"column":4},"end":{"line":6,"column":null}},"2":{"start":{"line":10,"column":4},"end":{"line":15,"column":null}},"3":{"start":{"line":11,"column":6},"end":{"line":13,"column":null}},"4":{"start":{"line":12,"column":8},"end":{"line":12,"column":null}},"5":{"start":{"line":14,"column":6},"end":{"line":14,"column":null}},"6":{"start":{"line":3,"column":0},"end":{"line":3,"column":13}}},"fnMap":{"0":{"name":"(anonymous_0)","decl":{"start":{"line":4,"column":2},"end":{"line":4,"column":13}},"loc":{"start":{"line":4,"column":28},"end":{"line":7,"column":3}}},"1":{"name":"(anonymous_1)","decl":{"start":{"line":9,"column":2},"end":{"line":9,"column":10}},"loc":{"start":{"line":9,"column":52},"end":{"line":16,"column":3}}},"2":{"name":"(anonymous_2)","decl":{"start":{"line":10,"column":33},"end":{"line":10,"column":46}},"loc":{"start":{"line":10,"column":49},"end":{"line":15,"column":5}}}},"branchMap":{"0":{"loc":{"start":{"line":11,"column":6},"end":{"line":13,"column":null}},"type":"if","locations":[{"start":{"line":11,"column":6},"end":{"line":13,"column":null}},{"start":{"line":11,"column":6},"end":{"line":13,"column":null}}]}},"s":{"0":4,"1":4,"2":18,"3":66,"4":12,"5":52,"6":2},"f":{"0":4,"1":18,"2":66},"b":{"0":[12,52]}}
}
