TN:
SF:src\presentation\controllers\signup\index.ts
FN:9,(anonymous_0)
FN:14,(anonymous_1)
FNF:2
FNH:2
FNDA:18,(anonymous_0)
FNDA:18,(anonymous_1)
DA:2,2
DA:3,2
DA:5,2
DA:10,18
DA:11,18
DA:15,18
DA:16,18
DA:17,16
DA:18,10
DA:21,6
DA:23,6
DA:24,2
DA:27,4
DA:28,2
DA:31,2
DA:37,2
DA:39,2
LF:17
LH:17
BRDA:17,0,0,10
BRDA:17,0,1,6
BRDA:23,1,0,2
BRDA:23,1,1,4
BRDA:27,2,0,2
BRDA:27,2,1,2
BRF:6
BRH:6
end_of_record
TN:
SF:src\presentation\errors\businessError.ts
FN:2,(anonymous_0)
FNF:1
FNH:1
FNDA:4,(anonymous_0)
DA:1,2
DA:3,4
DA:4,4
LF:3
LH:3
BRF:0
BRH:0
end_of_record
TN:
SF:src\presentation\errors\index.ts
FNF:0
FNH:0
DA:1,2
DA:2,2
DA:3,2
LF:3
LH:3
BRF:0
BRH:0
end_of_record
TN:
SF:src\presentation\errors\missingParamError.ts
FN:2,(anonymous_0)
FNF:1
FNH:1
FNDA:20,(anonymous_0)
DA:1,2
DA:3,20
DA:4,20
LF:3
LH:3
BRF:0
BRH:0
end_of_record
TN:
SF:src\presentation\errors\validationError.ts
FN:2,(anonymous_0)
FNF:1
FNH:1
FNDA:4,(anonymous_0)
DA:1,2
DA:3,4
DA:4,4
LF:3
LH:3
BRF:0
BRH:0
end_of_record
TN:
SF:src\presentation\helpers\httpHelper.ts
FN:3,(anonymous_0)
FN:8,(anonymous_1)
FNF:2
FNH:2
FNDA:14,(anonymous_0)
FNDA:2,(anonymous_1)
DA:3,14
DA:8,2
LF:2
LH:2
BRF:0
BRH:0
end_of_record
TN:
SF:src\presentation\helpers\myValidator.ts
FN:4,(anonymous_0)
FN:9,(anonymous_1)
FN:10,(anonymous_2)
FNF:3
FNH:3
FNDA:4,(anonymous_0)
FNDA:18,(anonymous_1)
FNDA:66,(anonymous_2)
DA:3,2
DA:5,4
DA:6,4
DA:10,18
DA:11,66
DA:12,12
DA:14,52
LF:7
LH:7
BRDA:11,0,0,12
BRDA:11,0,1,52
BRF:2
BRH:2
end_of_record
